# JRE version: Java(TM) SE Runtime Environment (8.0_91-b14) (build 1.8.0_91-b14)
# Java VM: Java HotSpot(TM) 64-Bit Server VM (25.91-b14 mixed mode windows-amd64 compressed oops)
Heap:
 PSYoungGen      total 126976K, used 25286K [0x00000000eab00000, 0x00000000f6500000, 0x0000000100000000)
  eden space 110592K, 8% used [0x00000000eab00000,0x00000000eb3b6c48,0x00000000f1700000)
  from space 16384K, 99% used [0x00000000f1700000,0x00000000f26fad40,0x00000000f2700000)
  to   space 20992K, 0% used [0x00000000f5080000,0x00000000f5080000,0x00000000f6500000)
 ParOldGen       total 94208K, used 26739K [0x00000000c0000000, 0x00000000c5c00000, 0x00000000eab00000)
  object space 94208K, 28% used [0x00000000c0000000,0x00000000c1a1cee8,0x00000000c5c00000)
 Metaspace       used 46829K, capacity 47932K, committed 48000K, reserved 1091584K
  class space    used 6434K, capacity 6749K, committed 6784K, reserved 1048576K
GC Heap History (10 events):
Event: 4.847 GC heap before
{Heap before GC invocations=11 (full 1):
 PSYoungGen      total 76800K, used 14594K [0x00000000eab00000, 0x00000000f1700000, 0x0000000100000000)
  eden space 66048K, 5% used [0x00000000eab00000,0x00000000eaec3a78,0x00000000eeb80000)
  from space 10752K, 99% used [0x00000000eeb80000,0x00000000ef5fce18,0x00000000ef600000)
  to   space 13312K, 0% used [0x00000000f0a00000,0x00000000f0a00000,0x00000000f1700000)
 ParOldGen       total 67584K, used 12161K [0x00000000c0000000, 0x00000000c4200000, 0x00000000eab00000)
  object space 67584K, 17% used [0x00000000c0000000,0x00000000c0be0450,0x00000000c4200000)
 Metaspace       used 34590K, capacity 35236K, committed 35456K, reserved 1079296K
  class space    used 4705K, capacity 4892K, committed 4992K, reserved 1048576K
Event: 4.856 GC heap after
Heap after GC invocations=11 (full 1):
 PSYoungGen      total 96256K, used 11325K [0x00000000eab00000, 0x00000000f2300000, 0x0000000100000000)
  eden space 82944K, 0% used [0x00000000eab00000,0x00000000eab00000,0x00000000efc00000)
  from space 13312K, 85% used [0x00000000f0a00000,0x00000000f150f408,0x00000000f1700000)
  to   space 14336K, 0% used [0x00000000efc00000,0x00000000efc00000,0x00000000f0a00000)
 ParOldGen       total 67584K, used 12169K [0x00000000c0000000, 0x00000000c4200000, 0x00000000eab00000)
  object space 67584K, 18% used [0x00000000c0000000,0x00000000c0be2450,0x00000000c4200000)
 Metaspace       used 34590K, capacity 35236K, committed 35456K, reserved 1079296K
  class space    used 4705K, capacity 4892K, committed 4992K, reserved 1048576K
}
Event: 4.856 GC heap before
{Heap before GC invocations=12 (full 2):
 PSYoungGen      total 96256K, used 11325K [0x00000000eab00000, 0x00000000f2300000, 0x0000000100000000)
  eden space 82944K, 0% used [0x00000000eab00000,0x00000000eab00000,0x00000000efc00000)
  from space 13312K, 85% used [0x00000000f0a00000,0x00000000f150f408,0x00000000f1700000)
  to   space 14336K, 0% used [0x00000000efc00000,0x00000000efc00000,0x00000000f0a00000)
 ParOldGen       total 67584K, used 12169K [0x00000000c0000000, 0x00000000c4200000, 0x00000000eab00000)
  object space 67584K, 18% used [0x00000000c0000000,0x00000000c0be2450,0x00000000c4200000)
 Metaspace       used 34590K, capacity 35236K, committed 35456K, reserved 1079296K
  class space    used 4705K, capacity 4892K, committed 4992K, reserved 1048576K
Event: 4.923 GC heap after
Heap after GC invocations=12 (full 2):
 PSYoungGen      total 96256K, used 0K [0x00000000eab00000, 0x00000000f2300000, 0x0000000100000000)
  eden space 82944K, 0% used [0x00000000eab00000,0x00000000eab00000,0x00000000efc00000)
  from space 13312K, 0% used [0x00000000f0a00000,0x00000000f0a00000,0x00000000f1700000)
  to   space 14336K, 0% used [0x00000000efc00000,0x00000000efc00000,0x00000000f0a00000)
 ParOldGen       total 94208K, used 19199K [0x00000000c0000000, 0x00000000c5c00000, 0x00000000eab00000)
  object space 94208K, 20% used [0x00000000c0000000,0x00000000c12bfeb0,0x00000000c5c00000)
 Metaspace       used 34590K, capacity 35236K, committed 35456K, reserved 1079296K
  class space    used 4705K, capacity 4892K, committed 4992K, reserved 1048576K
}
Event: 5.942 GC heap before
{Heap before GC invocations=13 (full 2):
 PSYoungGen      total 96256K, used 82944K [0x00000000eab00000, 0x00000000f2300000, 0x0000000100000000)
  eden space 82944K, 100% used [0x00000000eab00000,0x00000000efc00000,0x00000000efc00000)
  from space 13312K, 0% used [0x00000000f0a00000,0x00000000f0a00000,0x00000000f1700000)
  to   space 14336K, 0% used [0x00000000efc00000,0x00000000efc00000,0x00000000f0a00000)
 ParOldGen       total 94208K, used 19199K [0x00000000c0000000, 0x00000000c5c00000, 0x00000000eab00000)
  object space 94208K, 20% used [0x00000000c0000000,0x00000000c12bfeb0,0x00000000c5c00000)
 Metaspace       used 40581K, capacity 41326K, committed 41728K, reserved 1085440K
  class space    used 5595K, capacity 5809K, committed 5888K, reserved 1048576K
Event: 5.948 GC heap after
Heap after GC invocations=13 (full 2):
 PSYoungGen      total 97280K, used 9691K [0x00000000eab00000, 0x00000000f3600000, 0x0000000100000000)
  eden space 82944K, 0% used [0x00000000eab00000,0x00000000eab00000,0x00000000efc00000)
  from space 14336K, 67% used [0x00000000efc00000,0x00000000f0576d20,0x00000000f0a00000)
  to   space 14336K, 0% used [0x00000000f2800000,0x00000000f2800000,0x00000000f3600000)
 ParOldGen       total 94208K, used 19207K [0x00000000c0000000, 0x00000000c5c00000, 0x00000000eab00000)
  object space 94208K, 20% used [0x00000000c0000000,0x00000000c12c1eb0,0x00000000c5c00000)
 Metaspace       used 40581K, capacity 41326K, committed 41728K, reserved 1085440K
  class space    used 5595K, capacity 5809K, committed 5888K, reserved 1048576K
}
Event: 8.597 GC heap before
{Heap before GC invocations=14 (full 2):
 PSYoungGen      total 97280K, used 92635K [0x00000000eab00000, 0x00000000f3600000, 0x0000000100000000)
  eden space 82944K, 100% used [0x00000000eab00000,0x00000000efc00000,0x00000000efc00000)
  from space 14336K, 67% used [0x00000000efc00000,0x00000000f0576d20,0x00000000f0a00000)
  to   space 14336K, 0% used [0x00000000f2800000,0x00000000f2800000,0x00000000f3600000)
 ParOldGen       total 94208K, used 19207K [0x00000000c0000000, 0x00000000c5c00000, 0x00000000eab00000)
  object space 94208K, 20% used [0x00000000c0000000,0x00000000c12c1eb0,0x00000000c5c00000)
 Metaspace       used 43813K, capacity 44682K, committed 45056K, reserved 1087488K
  class space    used 6067K, capacity 6279K, committed 6400K, reserved 1048576K
Event: 8.608 GC heap after
Heap after GC invocations=14 (full 2):
 PSYoungGen      total 124928K, used 14305K [0x00000000eab00000, 0x00000000f3700000, 0x0000000100000000)
  eden space 110592K, 0% used [0x00000000eab00000,0x00000000eab00000,0x00000000f1700000)
  from space 14336K, 99% used [0x00000000f2800000,0x00000000f35f8668,0x00000000f3600000)
  to   space 16384K, 0% used [0x00000000f1700000,0x00000000f1700000,0x00000000f2700000)
 ParOldGen       total 94208K, used 20458K [0x00000000c0000000, 0x00000000c5c00000, 0x00000000eab00000)
  object space 94208K, 21% used [0x00000000c0000000,0x00000000c13fa818,0x00000000c5c00000)
 Metaspace       used 43813K, capacity 44682K, committed 45056K, reserved 1087488K
  class space    used 6067K, capacity 6279K, committed 6400K, reserved 1048576K
}
Event: 10.569 GC heap before
{Heap before GC invocations=15 (full 2):
 PSYoungGen      total 124928K, used 124897K [0x00000000eab00000, 0x00000000f3700000, 0x0000000100000000)
  eden space 110592K, 100% used [0x00000000eab00000,0x00000000f1700000,0x00000000f1700000)
  from space 14336K, 99% used [0x00000000f2800000,0x00000000f35f8668,0x00000000f3600000)
  to   space 16384K, 0% used [0x00000000f1700000,0x00000000f1700000,0x00000000f2700000)
 ParOldGen       total 94208K, used 20458K [0x00000000c0000000, 0x00000000c5c00000, 0x00000000eab00000)
  object space 94208K, 21% used [0x00000000c0000000,0x00000000c13fa818,0x00000000c5c00000)
 Metaspace       used 46803K, capacity 47804K, committed 48000K, reserved 1091584K
  class space    used 6433K, capacity 6749K, committed 6784K, reserved 1048576K
Event: 10.642 GC heap after
Heap after GC invocations=15 (full 2):
 PSYoungGen      total 126976K, used 16363K [0x00000000eab00000, 0x00000000f6500000, 0x0000000100000000)
  eden space 110592K, 0% used [0x00000000eab00000,0x00000000eab00000,0x00000000f1700000)
  from space 16384K, 99% used [0x00000000f1700000,0x00000000f26fad40,0x00000000f2700000)
  to   space 20992K, 0% used [0x00000000f5080000,0x00000000f5080000,0x00000000f6500000)
 ParOldGen       total 94208K, used 26739K [0x00000000c0000000, 0x00000000c5c00000, 0x00000000eab00000)
  object space 94208K, 28% used [0x00000000c0000000,0x00000000c1a1cee8,0x00000000c5c00000)
 Metaspace       used 46803K, capacity 47804K, committed 48000K, reserved 1091584K
  class space    used 6433K, capacity 6749K, committed 6784K, reserved 1048576K
}

